..\..\..\..\..\..\Program Files (x86)\LucasArts\Star Wars Jedi Knight Jedi Academy\GameData\lugor\plugins\starplugin.pdb
C:\PROGRAM FILES (X86)\LUCASARTS\STAR WARS JEDI KNIGHT JEDI ACADEMY\GAMEDATA\LUGOR\PLUGINS\STARPLUGIN.DLL
C:\Program Files (x86)\LucasArts\Star Wars Jedi Knight Jedi Academy\GameData\lugor\plugins\starplugin.exp
C:\Program Files (x86)\LucasArts\Star Wars Jedi Knight Jedi Academy\GameData\lugor\plugins\starplugin.lib
C:\STARPLUGIN\MSVC\RELEASE\BUILDABLES.OBJ
C:\STARPLUGIN\MSVC\RELEASE\CMDS.OBJ
C:\STARPLUGIN\MSVC\RELEASE\HOOKFUNCS.OBJ
C:\STARPLUGIN\MSVC\RELEASE\LMDFUNCS.OBJ
C:\STARPLUGIN\MSVC\RELEASE\MAIN.OBJ
C:\STARPLUGIN\MSVC\RELEASE\SKILLS.OBJ
C:\STARPLUGIN\MSVC\RELEASE\VC100.PDB
C:\starplugin\msvc\Release\Base for plugin.vcxprojResolveAssemblyReference.cache
C:\starplugin\msvc\Release\buildables.obj
C:\starplugin\msvc\Release\cl.command.1.tlog
C:\starplugin\msvc\Release\CL.read.1.tlog
C:\starplugin\msvc\Release\CL.write.1.tlog
C:\starplugin\msvc\Release\cmds.obj
C:\starplugin\msvc\Release\hookfuncs.obj
C:\starplugin\msvc\Release\link.command.1.tlog
C:\starplugin\msvc\Release\link.read.1.tlog
C:\starplugin\msvc\Release\link.write.1.tlog
C:\starplugin\msvc\Release\link-cvtres.read.1.tlog
C:\starplugin\msvc\Release\link-cvtres.write.1.tlog
C:\starplugin\msvc\Release\lmdfuncs.obj
C:\starplugin\msvc\Release\main.obj
C:\starplugin\msvc\Release\mt.command.1.tlog
C:\starplugin\msvc\Release\mt.read.1.tlog
C:\starplugin\msvc\Release\mt.write.1.tlog
C:\starplugin\msvc\Release\rc.command.1.tlog
C:\starplugin\msvc\Release\rc.read.1.tlog
C:\starplugin\msvc\Release\rc.write.1.tlog
C:\starplugin\msvc\Release\skills.obj
C:\starplugin\msvc\Release\starplugin.dll.intermediate.manifest
C:\starplugin\msvc\Release\starplugin.write.1.tlog
C:\starplugin\msvc\Release\vc100.pdb
