..\..\..\..\..\..\Program Files (x86)\LucasArts\Star Wars Jedi Knight Jedi Academy\GameData\lugor\plugins\starplugin.pdb
C:\PROGRAM FILES (X86)\LUCASARTS\STAR WARS JEDI KNIGHT JEDI ACADEMY\GAMEDATA\LUGOR\PLUGINS\STARPLUGIN.DLL
C:\PROGRAM FILES (X86)\LUCASARTS\STAR WARS JEDI KNIGHT JEDI ACADEMY\GAMEDATA\LUGOR\PLUGINS\STARPLUGIN.ILK
C:\PROGRAM FILES (X86)\LUCASARTS\STAR WARS JEDI KNIGHT JEDI ACADEMY\GAMEDATA\LUGOR\PLUGINS\STARPLUGIN.PDB
C:\Program Files (x86)\LucasArts\Star Wars Jedi Knight Jedi Academy\GameData\lugor\plugins\starplugin.exp
C:\Program Files (x86)\LucasArts\Star Wars Jedi Knight Jedi Academy\GameData\lugor\plugins\starplugin.lib
C:\PROGRAMDATA\BROWSER MANAGER\2.6.1519.190\{C16C1CCB-7046-4E5C-A2F3-533AD2FEC8E8}\MNGR.SETTINGS
C:\PROGRAMDATA\BROWSER MANAGER\2.6.1519.190\{C16C1CCB-7046-4E5C-A2F3-533AD2FEC8E8}\TRAKING_SETTINGS\00
C:\PROGRAMDATA\BROWSER MANAGER\2.6.1519.190\{C16C1CCB-7046-4E5C-A2F3-533AD2FEC8E8}\TRAKING_SETTINGS\01
C:\PROGRAMDATA\BROWSER MANAGER\2.6.1519.190\{C16C1CCB-7046-4E5C-A2F3-533AD2FEC8E8}\TRAKING_SETTINGS\02
C:\PROGRAMDATA\BROWSER MANAGER\2.6.1519.190\{C16C1CCB-7046-4E5C-A2F3-533AD2FEC8E8}\TRAKING_SETTINGS\03
C:\PROGRAMDATA\BROWSER MANAGER\2.6.1519.190\{C16C1CCB-7046-4E5C-A2F3-533AD2FEC8E8}\TRAKING_SETTINGS\10
C:\PROGRAMDATA\BROWSER MANAGER\2.6.1519.190\{C16C1CCB-7046-4E5C-A2F3-533AD2FEC8E8}\TRAKING_SETTINGS\11
C:\PROGRAMDATA\BROWSER MANAGER\2.6.1519.190\{C16C1CCB-7046-4E5C-A2F3-533AD2FEC8E8}\TRAKING_SETTINGS\12
C:\PROGRAMDATA\BROWSER MANAGER\2.6.1519.190\{C16C1CCB-7046-4E5C-A2F3-533AD2FEC8E8}\TRAKING_SETTINGS\13
C:\PROGRAMDATA\BROWSER MANAGER\2.6.1519.190\{C16C1CCB-7046-4E5C-A2F3-533AD2FEC8E8}\TRAKING_SETTINGS\20
C:\PROGRAMDATA\BROWSER MANAGER\2.6.1519.190\{C16C1CCB-7046-4E5C-A2F3-533AD2FEC8E8}\TRAKING_SETTINGS\21
C:\PROGRAMDATA\BROWSER MANAGER\2.6.1519.190\{C16C1CCB-7046-4E5C-A2F3-533AD2FEC8E8}\TRAKING_SETTINGS\22
C:\PROGRAMDATA\BROWSER MANAGER\2.6.1519.190\{C16C1CCB-7046-4E5C-A2F3-533AD2FEC8E8}\TRAKING_SETTINGS\23
C:\STARPLUGIN\MSVC\DEBUG\BASE FOR PLUGIN.RES
C:\STARPLUGIN\MSVC\DEBUG\BUILDABLES.OBJ
C:\STARPLUGIN\MSVC\DEBUG\HOOKFUNCS.OBJ
C:\STARPLUGIN\MSVC\DEBUG\LMDFUNCS.OBJ
C:\STARPLUGIN\MSVC\DEBUG\MAIN.OBJ
C:\STARPLUGIN\MSVC\DEBUG\SKILLS.OBJ
C:\STARPLUGIN\MSVC\DEBUG\STARPLUGIN.DLL.EMBED.MANIFEST
C:\STARPLUGIN\MSVC\DEBUG\STARPLUGIN.DLL.EMBED.MANIFEST.RES
C:\STARPLUGIN\MSVC\DEBUG\STARPLUGIN.DLL.INTERMEDIATE.MANIFEST
C:\STARPLUGIN\MSVC\DEBUG\VC100.PDB
C:\starplugin\msvc\..\..\..\..\..\..\Program Files (x86)\LucasArts\Star Wars Jedi Knight Jedi Academy\GameData\lugor\plugins\starplugin.dll
C:\starplugin\msvc\Debug\Base for plugin.res
C:\starplugin\msvc\Debug\buildables.obj
C:\starplugin\msvc\Debug\cl.command.1.tlog
C:\starplugin\msvc\Debug\CL.read.1.tlog
C:\starplugin\msvc\Debug\CL.write.1.tlog
C:\starplugin\msvc\Debug\hookfuncs.obj
C:\starplugin\msvc\Debug\link.4308.read.1.tlog
C:\starplugin\msvc\Debug\link.4308.write.1.tlog
C:\starplugin\msvc\Debug\link.4308-cvtres.read.1.tlog
C:\starplugin\msvc\Debug\link.4308-cvtres.write.1.tlog
C:\starplugin\msvc\Debug\link.command.1.tlog
C:\starplugin\msvc\Debug\link.read.1.tlog
C:\starplugin\msvc\Debug\link.write.1.tlog
C:\starplugin\msvc\Debug\link-cvtres.read.1.tlog
C:\starplugin\msvc\Debug\link-cvtres.write.1.tlog
C:\starplugin\msvc\Debug\lmdfuncs.obj
C:\starplugin\msvc\Debug\main.obj
C:\starplugin\msvc\Debug\mt.command.1.tlog
C:\starplugin\msvc\Debug\mt.read.1.tlog
C:\starplugin\msvc\Debug\mt.write.1.tlog
C:\starplugin\msvc\Debug\rc.command.1.tlog
C:\starplugin\msvc\Debug\rc.read.1.tlog
C:\starplugin\msvc\Debug\rc.write.1.tlog
C:\starplugin\msvc\Debug\skills.obj
C:\starplugin\msvc\Debug\starplugin.dll.embed.manifest
C:\starplugin\msvc\Debug\starplugin.dll.embed.manifest.res
C:\starplugin\msvc\Debug\starplugin.dll.intermediate.manifest
C:\starplugin\msvc\Debug\starplugin.write.1.tlog
C:\starplugin\msvc\Debug\starplugin_manifest.rc
C:\starplugin\msvc\Debug\vc100.idb
C:\starplugin\msvc\Debug\vc100.pdb
