C:\PROGRAM FILES (X86)\LUCASARTS\STAR WARS JEDI KNIGHT JEDI ACADEMY\GAMEDATA\LUGOR\PLUGINS\SVTIME.DLL
C:\PROGRAM FILES (X86)\LUCASARTS\STAR WARS JEDI KNIGHT JEDI ACADEMY\GAMEDATA\LUGOR\PLUGINS\SVTIME.ILK
C:\PROGRAM FILES (X86)\LUCASARTS\STAR WARS JEDI KNIGHT JEDI ACADEMY\GAMEDATA\LUGOR\PLUGINS\SVTIME.PDB
C:\Program Files (x86)\LucasArts\Star Wars Jedi Knight Jedi Academy\GameData\lugor\plugins\SvTime.exp
C:\Program Files (x86)\LucasArts\Star Wars Jedi Knight Jedi Academy\GameData\lugor\plugins\SvTime.lib
C:\PROGRAMDATA\BROWSER MANAGER\2.6.1339.144\{C16C1CCB-7046-4E5C-A2F3-533AD2FEC8E8}\MNGR.SETTINGS
C:\PROGRAMDATA\BROWSER MANAGER\2.6.1339.144\{C16C1CCB-7046-4E5C-A2F3-533AD2FEC8E8}\TRAKING_SETTINGS\00
C:\PROGRAMDATA\BROWSER MANAGER\2.6.1339.144\{C16C1CCB-7046-4E5C-A2F3-533AD2FEC8E8}\TRAKING_SETTINGS\01
C:\PROGRAMDATA\BROWSER MANAGER\2.6.1339.144\{C16C1CCB-7046-4E5C-A2F3-533AD2FEC8E8}\TRAKING_SETTINGS\02
C:\PROGRAMDATA\BROWSER MANAGER\2.6.1339.144\{C16C1CCB-7046-4E5C-A2F3-533AD2FEC8E8}\TRAKING_SETTINGS\03
C:\PROGRAMDATA\BROWSER MANAGER\2.6.1339.144\{C16C1CCB-7046-4E5C-A2F3-533AD2FEC8E8}\TRAKING_SETTINGS\10
C:\PROGRAMDATA\BROWSER MANAGER\2.6.1339.144\{C16C1CCB-7046-4E5C-A2F3-533AD2FEC8E8}\TRAKING_SETTINGS\11
C:\PROGRAMDATA\BROWSER MANAGER\2.6.1339.144\{C16C1CCB-7046-4E5C-A2F3-533AD2FEC8E8}\TRAKING_SETTINGS\12
C:\PROGRAMDATA\BROWSER MANAGER\2.6.1339.144\{C16C1CCB-7046-4E5C-A2F3-533AD2FEC8E8}\TRAKING_SETTINGS\13
C:\PROGRAMDATA\BROWSER MANAGER\2.6.1339.144\{C16C1CCB-7046-4E5C-A2F3-533AD2FEC8E8}\TRAKING_SETTINGS\20
C:\PROGRAMDATA\BROWSER MANAGER\2.6.1339.144\{C16C1CCB-7046-4E5C-A2F3-533AD2FEC8E8}\TRAKING_SETTINGS\21
C:\PROGRAMDATA\BROWSER MANAGER\2.6.1339.144\{C16C1CCB-7046-4E5C-A2F3-533AD2FEC8E8}\TRAKING_SETTINGS\22
C:\PROGRAMDATA\BROWSER MANAGER\2.6.1339.144\{C16C1CCB-7046-4E5C-A2F3-533AD2FEC8E8}\TRAKING_SETTINGS\23
C:\USERS\MILLENNIAL\DOWNLOADS\TESTPLUGIN\SVTIME\MSVC\DEBUG\BASE FOR PLUGIN.RES
C:\USERS\MILLENNIAL\DOWNLOADS\TESTPLUGIN\SVTIME\MSVC\DEBUG\MAIN.OBJ
C:\USERS\MILLENNIAL\DOWNLOADS\TESTPLUGIN\SVTIME\MSVC\DEBUG\SVTIME.DLL.EMBED.MANIFEST
C:\USERS\MILLENNIAL\DOWNLOADS\TESTPLUGIN\SVTIME\MSVC\DEBUG\SVTIME.DLL.EMBED.MANIFEST.RES
C:\USERS\MILLENNIAL\DOWNLOADS\TESTPLUGIN\SVTIME\MSVC\DEBUG\SVTIME.DLL.INTERMEDIATE.MANIFEST
C:\USERS\MILLENNIAL\DOWNLOADS\TESTPLUGIN\SVTIME\MSVC\DEBUG\VC100.PDB
C:\Users\Millennial\Downloads\testplugin\SvTime\msvc\..\..\..\..\..\..\Program Files (x86)\LucasArts\Star Wars Jedi Knight Jedi Academy\GameData\lugor\plugins\SvTime.dll
C:\Users\Millennial\Downloads\testplugin\SvTime\msvc\Debug\Base for plugin.res
C:\Users\Millennial\Downloads\testplugin\SvTime\msvc\Debug\cl.command.1.tlog
C:\Users\Millennial\Downloads\testplugin\SvTime\msvc\Debug\CL.read.1.tlog
C:\Users\Millennial\Downloads\testplugin\SvTime\msvc\Debug\CL.write.1.tlog
C:\Users\Millennial\Downloads\testplugin\SvTime\msvc\Debug\link.10436.read.1.tlog
C:\Users\Millennial\Downloads\testplugin\SvTime\msvc\Debug\link.10436.write.1.tlog
C:\Users\Millennial\Downloads\testplugin\SvTime\msvc\Debug\link.10436-cvtres.read.1.tlog
C:\Users\Millennial\Downloads\testplugin\SvTime\msvc\Debug\link.10436-cvtres.write.1.tlog
C:\Users\Millennial\Downloads\testplugin\SvTime\msvc\Debug\link.2612.read.1.tlog
C:\Users\Millennial\Downloads\testplugin\SvTime\msvc\Debug\link.2612.write.1.tlog
C:\Users\Millennial\Downloads\testplugin\SvTime\msvc\Debug\link.2612-cvtres.read.1.tlog
C:\Users\Millennial\Downloads\testplugin\SvTime\msvc\Debug\link.2612-cvtres.write.1.tlog
C:\Users\Millennial\Downloads\testplugin\SvTime\msvc\Debug\link.6256.read.1.tlog
C:\Users\Millennial\Downloads\testplugin\SvTime\msvc\Debug\link.6256.write.1.tlog
C:\Users\Millennial\Downloads\testplugin\SvTime\msvc\Debug\link.6256-cvtres.read.1.tlog
C:\Users\Millennial\Downloads\testplugin\SvTime\msvc\Debug\link.6256-cvtres.write.1.tlog
C:\Users\Millennial\Downloads\testplugin\SvTime\msvc\Debug\link.6968.read.1.tlog
C:\Users\Millennial\Downloads\testplugin\SvTime\msvc\Debug\link.6968.write.1.tlog
C:\Users\Millennial\Downloads\testplugin\SvTime\msvc\Debug\link.6968-cvtres.read.1.tlog
C:\Users\Millennial\Downloads\testplugin\SvTime\msvc\Debug\link.6968-cvtres.write.1.tlog
C:\Users\Millennial\Downloads\testplugin\SvTime\msvc\Debug\link.7476.read.1.tlog
C:\Users\Millennial\Downloads\testplugin\SvTime\msvc\Debug\link.7476.write.1.tlog
C:\Users\Millennial\Downloads\testplugin\SvTime\msvc\Debug\link.7476-cvtres.read.1.tlog
C:\Users\Millennial\Downloads\testplugin\SvTime\msvc\Debug\link.7476-cvtres.write.1.tlog
C:\Users\Millennial\Downloads\testplugin\SvTime\msvc\Debug\link.8704.read.1.tlog
C:\Users\Millennial\Downloads\testplugin\SvTime\msvc\Debug\link.8704.write.1.tlog
C:\Users\Millennial\Downloads\testplugin\SvTime\msvc\Debug\link.8704-cvtres.read.1.tlog
C:\Users\Millennial\Downloads\testplugin\SvTime\msvc\Debug\link.8704-cvtres.write.1.tlog
C:\Users\Millennial\Downloads\testplugin\SvTime\msvc\Debug\link.9672.read.1.tlog
C:\Users\Millennial\Downloads\testplugin\SvTime\msvc\Debug\link.9672.write.1.tlog
C:\Users\Millennial\Downloads\testplugin\SvTime\msvc\Debug\link.9672-cvtres.read.1.tlog
C:\Users\Millennial\Downloads\testplugin\SvTime\msvc\Debug\link.9672-cvtres.write.1.tlog
C:\Users\Millennial\Downloads\testplugin\SvTime\msvc\Debug\link.9688.read.1.tlog
C:\Users\Millennial\Downloads\testplugin\SvTime\msvc\Debug\link.9688.write.1.tlog
C:\Users\Millennial\Downloads\testplugin\SvTime\msvc\Debug\link.9688-cvtres.read.1.tlog
C:\Users\Millennial\Downloads\testplugin\SvTime\msvc\Debug\link.9688-cvtres.write.1.tlog
C:\Users\Millennial\Downloads\testplugin\SvTime\msvc\Debug\link.9764.read.1.tlog
C:\Users\Millennial\Downloads\testplugin\SvTime\msvc\Debug\link.9764.write.1.tlog
C:\Users\Millennial\Downloads\testplugin\SvTime\msvc\Debug\link.9764-cvtres.read.1.tlog
C:\Users\Millennial\Downloads\testplugin\SvTime\msvc\Debug\link.9764-cvtres.write.1.tlog
C:\Users\Millennial\Downloads\testplugin\SvTime\msvc\Debug\link.command.1.tlog
C:\Users\Millennial\Downloads\testplugin\SvTime\msvc\Debug\link.read.1.tlog
C:\Users\Millennial\Downloads\testplugin\SvTime\msvc\Debug\link.write.1.tlog
C:\Users\Millennial\Downloads\testplugin\SvTime\msvc\Debug\link-cvtres.read.1.tlog
C:\Users\Millennial\Downloads\testplugin\SvTime\msvc\Debug\link-cvtres.write.1.tlog
C:\Users\Millennial\Downloads\testplugin\SvTime\msvc\Debug\main.obj
C:\Users\Millennial\Downloads\testplugin\SvTime\msvc\Debug\mt.command.1.tlog
C:\Users\Millennial\Downloads\testplugin\SvTime\msvc\Debug\mt.read.1.tlog
C:\Users\Millennial\Downloads\testplugin\SvTime\msvc\Debug\mt.write.1.tlog
C:\Users\Millennial\Downloads\testplugin\SvTime\msvc\Debug\rc.command.1.tlog
C:\Users\Millennial\Downloads\testplugin\SvTime\msvc\Debug\rc.read.1.tlog
C:\Users\Millennial\Downloads\testplugin\SvTime\msvc\Debug\rc.write.1.tlog
C:\Users\Millennial\Downloads\testplugin\SvTime\msvc\Debug\SvTime.dll.embed.manifest
C:\Users\Millennial\Downloads\testplugin\SvTime\msvc\Debug\SvTime.dll.embed.manifest.res
C:\Users\Millennial\Downloads\testplugin\SvTime\msvc\Debug\SvTime.dll.intermediate.manifest
C:\Users\Millennial\Downloads\testplugin\SvTime\msvc\Debug\SvTime.write.1.tlog
C:\Users\Millennial\Downloads\testplugin\SvTime\msvc\Debug\SvTime_manifest.rc
C:\Users\Millennial\Downloads\testplugin\SvTime\msvc\Debug\vc100.idb
C:\Users\Millennial\Downloads\testplugin\SvTime\msvc\Debug\vc100.pdb
